[2023-03-15T20:10:55.886] [ERROR] error - RestException [Error]: Authenticate
    at success (D:\BackendCoderhouse\ProyectoFinal3\node_modules\twilio\lib\base\Version.js:135:15)
    at Promise_then_fulfilled (D:\BackendCoderhouse\ProyectoFinal3\node_modules\twilio\node_modules\q\q.js:766:44)
    at Promise_done_fulfilled (D:\BackendCoderhouse\ProyectoFinal3\node_modules\twilio\node_modules\q\q.js:835:31)
    at Fulfilled_dispatch [as dispatch] (D:\BackendCoderhouse\ProyectoFinal3\node_modules\twilio\node_modules\q\q.js:1229:9)
    at Pending_become_eachMessage_task (D:\BackendCoderhouse\ProyectoFinal3\node_modules\twilio\node_modules\q\q.js:1369:30)
    at RawTask.call (D:\BackendCoderhouse\ProyectoFinal3\node_modules\asap\asap.js:40:19)
    at flush (D:\BackendCoderhouse\ProyectoFinal3\node_modules\asap\raw.js:50:29)
    at processTicksAndRejections (node:internal/process/task_queues:78:11) {
  status: 401,
  code: 20003,
  moreInfo: 'https://www.twilio.com/docs/errors/20003',
  details: undefined
}
[2023-03-15T20:10:56.535] [ERROR] error - RestException [Error]: Authenticate
    at success (D:\BackendCoderhouse\ProyectoFinal3\node_modules\twilio\lib\base\Version.js:135:15)
    at Promise_then_fulfilled (D:\BackendCoderhouse\ProyectoFinal3\node_modules\twilio\node_modules\q\q.js:766:44)
    at Promise_done_fulfilled (D:\BackendCoderhouse\ProyectoFinal3\node_modules\twilio\node_modules\q\q.js:835:31)
    at Fulfilled_dispatch [as dispatch] (D:\BackendCoderhouse\ProyectoFinal3\node_modules\twilio\node_modules\q\q.js:1229:9)
    at Pending_become_eachMessage_task (D:\BackendCoderhouse\ProyectoFinal3\node_modules\twilio\node_modules\q\q.js:1369:30)
    at RawTask.call (D:\BackendCoderhouse\ProyectoFinal3\node_modules\asap\asap.js:40:19)
    at flush (D:\BackendCoderhouse\ProyectoFinal3\node_modules\asap\raw.js:50:29)
    at processTicksAndRejections (node:internal/process/task_queues:78:11) {
  status: 401,
  code: 20003,
  moreInfo: 'https://www.twilio.com/docs/errors/20003',
  details: undefined
}
[2023-03-15T12:46:56.913] [ERROR] error - CastError: Cast to ObjectId failed for value "1" (type string) at path "_id" for model "carts"
    at model.Query.exec (C:\CODERHOUSE\CODERHOUSE2\32195_BACKEND\DESAFIOS\Backend_coderhouse\TerceraEntregaDelProyectoFinal\node_modules\mongoose\lib\query.js:4927:21)
    at model.Query.Query.then (C:\CODERHOUSE\CODERHOUSE2\32195_BACKEND\DESAFIOS\Backend_coderhouse\TerceraEntregaDelProyectoFinal\node_modules\mongoose\lib\query.js:5026:15)
    at processTicksAndRejections (node:internal/process/task_queues:96:5) {
  messageFormat: undefined,
  stringValue: '"1"',
  kind: 'ObjectId',
  value: '1',
  path: '_id',
  reason: BSONTypeError: Argument passed in must be a string of 12 bytes or a string of 24 hex characters or an integer
      at new BSONTypeError (C:\CODERHOUSE\CODERHOUSE2\32195_BACKEND\DESAFIOS\Backend_coderhouse\TerceraEntregaDelProyectoFinal\node_modules\bson\lib\error.js:41:28)
      at new ObjectId (C:\CODERHOUSE\CODERHOUSE2\32195_BACKEND\DESAFIOS\Backend_coderhouse\TerceraEntregaDelProyectoFinal\node_modules\bson\lib\objectid.js:67:23)
      at castObjectId (C:\CODERHOUSE\CODERHOUSE2\32195_BACKEND\DESAFIOS\Backend_coderhouse\TerceraEntregaDelProyectoFinal\node_modules\mongoose\lib\cast\objectid.js:25:12)
      at ObjectId.cast (C:\CODERHOUSE\CODERHOUSE2\32195_BACKEND\DESAFIOS\Backend_coderhouse\TerceraEntregaDelProyectoFinal\node_modules\mongoose\lib\schema\objectid.js:246:12)
      at ObjectId.SchemaType.applySetters (C:\CODERHOUSE\CODERHOUSE2\32195_BACKEND\DESAFIOS\Backend_coderhouse\TerceraEntregaDelProyectoFinal\node_modules\mongoose\lib\schematype.js:1201:12)
      at ObjectId.SchemaType._castForQuery (C:\CODERHOUSE\CODERHOUSE2\32195_BACKEND\DESAFIOS\Backend_coderhouse\TerceraEntregaDelProyectoFinal\node_modules\mongoose\lib\schematype.js:1648:15)
      at ObjectId.SchemaType.castForQuery (C:\CODERHOUSE\CODERHOUSE2\32195_BACKEND\DESAFIOS\Backend_coderhouse\TerceraEntregaDelProyectoFinal\node_modules\mongoose\lib\schematype.js:1636:15)
      at ObjectId.SchemaType.castForQueryWrapper (C:\CODERHOUSE\CODERHOUSE2\32195_BACKEND\DESAFIOS\Backend_coderhouse\TerceraEntregaDelProyectoFinal\node_modules\mongoose\lib\schematype.js:1612:20)
      at cast (C:\CODERHOUSE\CODERHOUSE2\32195_BACKEND\DESAFIOS\Backend_coderhouse\TerceraEntregaDelProyectoFinal\node_modules\mongoose\lib\cast.js:342:32)
      at model.Query.Query.cast (C:\CODERHOUSE\CODERHOUSE2\32195_BACKEND\DESAFIOS\Backend_coderhouse\TerceraEntregaDelProyectoFinal\node_modules\mongoose\lib\query.js:5357:12),
  valueType: 'string'
}
[2023-03-15T13:04:48.560] [ERROR] error - BSONError: cyclic dependency detected
    at new BSONError (C:\CODERHOUSE\CODERHOUSE2\32195_BACKEND\DESAFIOS\Backend_coderhouse\TerceraEntregaDelProyectoFinal\node_modules\bson\lib\error.js:23:28)
    at serializeObject (C:\CODERHOUSE\CODERHOUSE2\32195_BACKEND\DESAFIOS\Backend_coderhouse\TerceraEntregaDelProyectoFinal\node_modules\bson\lib\parser\serializer.js:269:19)
    at serializeInto (C:\CODERHOUSE\CODERHOUSE2\32195_BACKEND\DESAFIOS\Backend_coderhouse\TerceraEntregaDelProyectoFinal\node_modules\bson\lib\parser\serializer.js:813:25)
    at serializeObject (C:\CODERHOUSE\CODERHOUSE2\32195_BACKEND\DESAFIOS\Backend_coderhouse\TerceraEntregaDelProyectoFinal\node_modules\bson\lib\parser\serializer.js:282:20)
    at serializeInto (C:\CODERHOUSE\CODERHOUSE2\32195_BACKEND\DESAFIOS\Backend_coderhouse\TerceraEntregaDelProyectoFinal\node_modules\bson\lib\parser\serializer.js:813:25)
    at serializeObject (C:\CODERHOUSE\CODERHOUSE2\32195_BACKEND\DESAFIOS\Backend_coderhouse\TerceraEntregaDelProyectoFinal\node_modules\bson\lib\parser\serializer.js:282:20)
    at serializeInto (C:\CODERHOUSE\CODERHOUSE2\32195_BACKEND\DESAFIOS\Backend_coderhouse\TerceraEntregaDelProyectoFinal\node_modules\bson\lib\parser\serializer.js:813:25)
    at serializeObject (C:\CODERHOUSE\CODERHOUSE2\32195_BACKEND\DESAFIOS\Backend_coderhouse\TerceraEntregaDelProyectoFinal\node_modules\bson\lib\parser\serializer.js:282:20)
    at serializeInto (C:\CODERHOUSE\CODERHOUSE2\32195_BACKEND\DESAFIOS\Backend_coderhouse\TerceraEntregaDelProyectoFinal\node_modules\bson\lib\parser\serializer.js:813:25)
    at serializeObject (C:\CODERHOUSE\CODERHOUSE2\32195_BACKEND\DESAFIOS\Backend_coderhouse\TerceraEntregaDelProyectoFinal\node_modules\bson\lib\parser\serializer.js:282:20)
[2023-03-15T13:04:58.744] [ERROR] error - BSONError: cyclic dependency detected
    at new BSONError (C:\CODERHOUSE\CODERHOUSE2\32195_BACKEND\DESAFIOS\Backend_coderhouse\TerceraEntregaDelProyectoFinal\node_modules\bson\lib\error.js:23:28)
    at serializeObject (C:\CODERHOUSE\CODERHOUSE2\32195_BACKEND\DESAFIOS\Backend_coderhouse\TerceraEntregaDelProyectoFinal\node_modules\bson\lib\parser\serializer.js:269:19)
    at serializeInto (C:\CODERHOUSE\CODERHOUSE2\32195_BACKEND\DESAFIOS\Backend_coderhouse\TerceraEntregaDelProyectoFinal\node_modules\bson\lib\parser\serializer.js:813:25)
    at serializeObject (C:\CODERHOUSE\CODERHOUSE2\32195_BACKEND\DESAFIOS\Backend_coderhouse\TerceraEntregaDelProyectoFinal\node_modules\bson\lib\parser\serializer.js:282:20)
    at serializeInto (C:\CODERHOUSE\CODERHOUSE2\32195_BACKEND\DESAFIOS\Backend_coderhouse\TerceraEntregaDelProyectoFinal\node_modules\bson\lib\parser\serializer.js:813:25)
    at serializeObject (C:\CODERHOUSE\CODERHOUSE2\32195_BACKEND\DESAFIOS\Backend_coderhouse\TerceraEntregaDelProyectoFinal\node_modules\bson\lib\parser\serializer.js:282:20)
    at serializeInto (C:\CODERHOUSE\CODERHOUSE2\32195_BACKEND\DESAFIOS\Backend_coderhouse\TerceraEntregaDelProyectoFinal\node_modules\bson\lib\parser\serializer.js:813:25)
    at serializeObject (C:\CODERHOUSE\CODERHOUSE2\32195_BACKEND\DESAFIOS\Backend_coderhouse\TerceraEntregaDelProyectoFinal\node_modules\bson\lib\parser\serializer.js:282:20)
    at serializeInto (C:\CODERHOUSE\CODERHOUSE2\32195_BACKEND\DESAFIOS\Backend_coderhouse\TerceraEntregaDelProyectoFinal\node_modules\bson\lib\parser\serializer.js:813:25)
    at serializeObject (C:\CODERHOUSE\CODERHOUSE2\32195_BACKEND\DESAFIOS\Backend_coderhouse\TerceraEntregaDelProyectoFinal\node_modules\bson\lib\parser\serializer.js:282:20)
[2023-03-15T13:05:15.516] [ERROR] error - BSONError: cyclic dependency detected
    at new BSONError (C:\CODERHOUSE\CODERHOUSE2\32195_BACKEND\DESAFIOS\Backend_coderhouse\TerceraEntregaDelProyectoFinal\node_modules\bson\lib\error.js:23:28)
    at serializeObject (C:\CODERHOUSE\CODERHOUSE2\32195_BACKEND\DESAFIOS\Backend_coderhouse\TerceraEntregaDelProyectoFinal\node_modules\bson\lib\parser\serializer.js:269:19)
    at serializeInto (C:\CODERHOUSE\CODERHOUSE2\32195_BACKEND\DESAFIOS\Backend_coderhouse\TerceraEntregaDelProyectoFinal\node_modules\bson\lib\parser\serializer.js:813:25)
    at serializeObject (C:\CODERHOUSE\CODERHOUSE2\32195_BACKEND\DESAFIOS\Backend_coderhouse\TerceraEntregaDelProyectoFinal\node_modules\bson\lib\parser\serializer.js:282:20)
    at serializeInto (C:\CODERHOUSE\CODERHOUSE2\32195_BACKEND\DESAFIOS\Backend_coderhouse\TerceraEntregaDelProyectoFinal\node_modules\bson\lib\parser\serializer.js:813:25)
    at serializeObject (C:\CODERHOUSE\CODERHOUSE2\32195_BACKEND\DESAFIOS\Backend_coderhouse\TerceraEntregaDelProyectoFinal\node_modules\bson\lib\parser\serializer.js:282:20)
    at serializeInto (C:\CODERHOUSE\CODERHOUSE2\32195_BACKEND\DESAFIOS\Backend_coderhouse\TerceraEntregaDelProyectoFinal\node_modules\bson\lib\parser\serializer.js:813:25)
    at serializeObject (C:\CODERHOUSE\CODERHOUSE2\32195_BACKEND\DESAFIOS\Backend_coderhouse\TerceraEntregaDelProyectoFinal\node_modules\bson\lib\parser\serializer.js:282:20)
    at serializeInto (C:\CODERHOUSE\CODERHOUSE2\32195_BACKEND\DESAFIOS\Backend_coderhouse\TerceraEntregaDelProyectoFinal\node_modules\bson\lib\parser\serializer.js:813:25)
    at serializeObject (C:\CODERHOUSE\CODERHOUSE2\32195_BACKEND\DESAFIOS\Backend_coderhouse\TerceraEntregaDelProyectoFinal\node_modules\bson\lib\parser\serializer.js:282:20)
[2023-03-15T13:05:33.662] [ERROR] error - BSONTypeError: Argument passed in must be a string of 12 bytes or a string of 24 hex characters or an integer
    at new BSONTypeError (C:\CODERHOUSE\CODERHOUSE2\32195_BACKEND\DESAFIOS\Backend_coderhouse\TerceraEntregaDelProyectoFinal\node_modules\bson\lib\error.js:41:28)
    at new ObjectId (C:\CODERHOUSE\CODERHOUSE2\32195_BACKEND\DESAFIOS\Backend_coderhouse\TerceraEntregaDelProyectoFinal\node_modules\bson\lib\objectid.js:67:23)
    at ObjectId (C:\CODERHOUSE\CODERHOUSE2\32195_BACKEND\DESAFIOS\Backend_coderhouse\TerceraEntregaDelProyectoFinal\node_modules\bson\lib\objectid.js:26:20)
    at purchaseCart (C:\CODERHOUSE\CODERHOUSE2\32195_BACKEND\DESAFIOS\Backend_coderhouse\TerceraEntregaDelProyectoFinal\controllers\cart.controller.js:111:39)
    at Layer.handle [as handle_request] (C:\CODERHOUSE\CODERHOUSE2\32195_BACKEND\DESAFIOS\Backend_coderhouse\TerceraEntregaDelProyectoFinal\node_modules\express\lib\router\layer.js:95:5)
    at next (C:\CODERHOUSE\CODERHOUSE2\32195_BACKEND\DESAFIOS\Backend_coderhouse\TerceraEntregaDelProyectoFinal\node_modules\express\lib\router\route.js:144:13)
    at Route.dispatch (C:\CODERHOUSE\CODERHOUSE2\32195_BACKEND\DESAFIOS\Backend_coderhouse\TerceraEntregaDelProyectoFinal\node_modules\express\lib\router\route.js:114:3)
    at Layer.handle [as handle_request] (C:\CODERHOUSE\CODERHOUSE2\32195_BACKEND\DESAFIOS\Backend_coderhouse\TerceraEntregaDelProyectoFinal\node_modules\express\lib\router\layer.js:95:5)
    at C:\CODERHOUSE\CODERHOUSE2\32195_BACKEND\DESAFIOS\Backend_coderhouse\TerceraEntregaDelProyectoFinal\node_modules\express\lib\router\index.js:284:15
    at param (C:\CODERHOUSE\CODERHOUSE2\32195_BACKEND\DESAFIOS\Backend_coderhouse\TerceraEntregaDelProyectoFinal\node_modules\express\lib\router\index.js:365:14)
[2023-03-15T13:05:59.576] [ERROR] error - BSONError: cyclic dependency detected
    at new BSONError (C:\CODERHOUSE\CODERHOUSE2\32195_BACKEND\DESAFIOS\Backend_coderhouse\TerceraEntregaDelProyectoFinal\node_modules\bson\lib\error.js:23:28)
    at serializeObject (C:\CODERHOUSE\CODERHOUSE2\32195_BACKEND\DESAFIOS\Backend_coderhouse\TerceraEntregaDelProyectoFinal\node_modules\bson\lib\parser\serializer.js:269:19)
    at serializeInto (C:\CODERHOUSE\CODERHOUSE2\32195_BACKEND\DESAFIOS\Backend_coderhouse\TerceraEntregaDelProyectoFinal\node_modules\bson\lib\parser\serializer.js:813:25)
    at serializeObject (C:\CODERHOUSE\CODERHOUSE2\32195_BACKEND\DESAFIOS\Backend_coderhouse\TerceraEntregaDelProyectoFinal\node_modules\bson\lib\parser\serializer.js:282:20)
    at serializeInto (C:\CODERHOUSE\CODERHOUSE2\32195_BACKEND\DESAFIOS\Backend_coderhouse\TerceraEntregaDelProyectoFinal\node_modules\bson\lib\parser\serializer.js:813:25)
    at serializeObject (C:\CODERHOUSE\CODERHOUSE2\32195_BACKEND\DESAFIOS\Backend_coderhouse\TerceraEntregaDelProyectoFinal\node_modules\bson\lib\parser\serializer.js:282:20)
    at serializeInto (C:\CODERHOUSE\CODERHOUSE2\32195_BACKEND\DESAFIOS\Backend_coderhouse\TerceraEntregaDelProyectoFinal\node_modules\bson\lib\parser\serializer.js:813:25)
    at serializeObject (C:\CODERHOUSE\CODERHOUSE2\32195_BACKEND\DESAFIOS\Backend_coderhouse\TerceraEntregaDelProyectoFinal\node_modules\bson\lib\parser\serializer.js:282:20)
    at serializeInto (C:\CODERHOUSE\CODERHOUSE2\32195_BACKEND\DESAFIOS\Backend_coderhouse\TerceraEntregaDelProyectoFinal\node_modules\bson\lib\parser\serializer.js:813:25)
    at serializeObject (C:\CODERHOUSE\CODERHOUSE2\32195_BACKEND\DESAFIOS\Backend_coderhouse\TerceraEntregaDelProyectoFinal\node_modules\bson\lib\parser\serializer.js:282:20)
[2023-03-15T13:06:08.072] [ERROR] error - BSONError: cyclic dependency detected
    at new BSONError (C:\CODERHOUSE\CODERHOUSE2\32195_BACKEND\DESAFIOS\Backend_coderhouse\TerceraEntregaDelProyectoFinal\node_modules\bson\lib\error.js:23:28)
    at serializeObject (C:\CODERHOUSE\CODERHOUSE2\32195_BACKEND\DESAFIOS\Backend_coderhouse\TerceraEntregaDelProyectoFinal\node_modules\bson\lib\parser\serializer.js:269:19)
    at serializeInto (C:\CODERHOUSE\CODERHOUSE2\32195_BACKEND\DESAFIOS\Backend_coderhouse\TerceraEntregaDelProyectoFinal\node_modules\bson\lib\parser\serializer.js:813:25)
    at serializeObject (C:\CODERHOUSE\CODERHOUSE2\32195_BACKEND\DESAFIOS\Backend_coderhouse\TerceraEntregaDelProyectoFinal\node_modules\bson\lib\parser\serializer.js:282:20)
    at serializeInto (C:\CODERHOUSE\CODERHOUSE2\32195_BACKEND\DESAFIOS\Backend_coderhouse\TerceraEntregaDelProyectoFinal\node_modules\bson\lib\parser\serializer.js:813:25)
    at serializeObject (C:\CODERHOUSE\CODERHOUSE2\32195_BACKEND\DESAFIOS\Backend_coderhouse\TerceraEntregaDelProyectoFinal\node_modules\bson\lib\parser\serializer.js:282:20)
    at serializeInto (C:\CODERHOUSE\CODERHOUSE2\32195_BACKEND\DESAFIOS\Backend_coderhouse\TerceraEntregaDelProyectoFinal\node_modules\bson\lib\parser\serializer.js:813:25)
    at serializeObject (C:\CODERHOUSE\CODERHOUSE2\32195_BACKEND\DESAFIOS\Backend_coderhouse\TerceraEntregaDelProyectoFinal\node_modules\bson\lib\parser\serializer.js:282:20)
    at serializeInto (C:\CODERHOUSE\CODERHOUSE2\32195_BACKEND\DESAFIOS\Backend_coderhouse\TerceraEntregaDelProyectoFinal\node_modules\bson\lib\parser\serializer.js:813:25)
    at serializeObject (C:\CODERHOUSE\CODERHOUSE2\32195_BACKEND\DESAFIOS\Backend_coderhouse\TerceraEntregaDelProyectoFinal\node_modules\bson\lib\parser\serializer.js:282:20)
[2023-03-15T13:06:13.087] [ERROR] error - BSONError: cyclic dependency detected
    at new BSONError (C:\CODERHOUSE\CODERHOUSE2\32195_BACKEND\DESAFIOS\Backend_coderhouse\TerceraEntregaDelProyectoFinal\node_modules\bson\lib\error.js:23:28)
    at serializeObject (C:\CODERHOUSE\CODERHOUSE2\32195_BACKEND\DESAFIOS\Backend_coderhouse\TerceraEntregaDelProyectoFinal\node_modules\bson\lib\parser\serializer.js:269:19)
    at serializeInto (C:\CODERHOUSE\CODERHOUSE2\32195_BACKEND\DESAFIOS\Backend_coderhouse\TerceraEntregaDelProyectoFinal\node_modules\bson\lib\parser\serializer.js:813:25)
    at serializeObject (C:\CODERHOUSE\CODERHOUSE2\32195_BACKEND\DESAFIOS\Backend_coderhouse\TerceraEntregaDelProyectoFinal\node_modules\bson\lib\parser\serializer.js:282:20)
    at serializeInto (C:\CODERHOUSE\CODERHOUSE2\32195_BACKEND\DESAFIOS\Backend_coderhouse\TerceraEntregaDelProyectoFinal\node_modules\bson\lib\parser\serializer.js:813:25)
    at serializeObject (C:\CODERHOUSE\CODERHOUSE2\32195_BACKEND\DESAFIOS\Backend_coderhouse\TerceraEntregaDelProyectoFinal\node_modules\bson\lib\parser\serializer.js:282:20)
    at serializeInto (C:\CODERHOUSE\CODERHOUSE2\32195_BACKEND\DESAFIOS\Backend_coderhouse\TerceraEntregaDelProyectoFinal\node_modules\bson\lib\parser\serializer.js:813:25)
    at serializeObject (C:\CODERHOUSE\CODERHOUSE2\32195_BACKEND\DESAFIOS\Backend_coderhouse\TerceraEntregaDelProyectoFinal\node_modules\bson\lib\parser\serializer.js:282:20)
    at serializeInto (C:\CODERHOUSE\CODERHOUSE2\32195_BACKEND\DESAFIOS\Backend_coderhouse\TerceraEntregaDelProyectoFinal\node_modules\bson\lib\parser\serializer.js:813:25)
    at serializeObject (C:\CODERHOUSE\CODERHOUSE2\32195_BACKEND\DESAFIOS\Backend_coderhouse\TerceraEntregaDelProyectoFinal\node_modules\bson\lib\parser\serializer.js:282:20)
[2023-03-15T20:44:55.573] [ERROR] error - TypeError: Cannot read properties of null (reading 'products')
    at postNewProduct (C:\CODERHOUSE\CODERHOUSE2\32195_BACKEND\DESAFIOS\Backend_coderhouse\TerceraEntregaDelProyectoFinal\controllers\cart.controller.js:77:17)
    at processTicksAndRejections (node:internal/process/task_queues:96:5)
[2023-03-15T20:47:39.387] [ERROR] error - TypeError: Cannot read properties of null (reading '0')
    at getCartProducts (C:\CODERHOUSE\CODERHOUSE2\32195_BACKEND\DESAFIOS\Backend_coderhouse\TerceraEntregaDelProyectoFinal\controllers\cart.controller.js:55:32)
    at processTicksAndRejections (node:internal/process/task_queues:96:5)
[2023-03-16T00:04:21.818] [ERROR] error - RestException [Error]: The 'From' number + coloca el numero que te paso la aplicacion web is not a valid phone number, shortcode, or alphanumeric sender ID.
    at success (C:\CODERHOUSE\CODERHOUSE2\32195_BACKEND\DESAFIOS\Backend_coderhouse\TerceraEntregaDelProyectoFinal\node_modules\twilio\lib\base\Version.js:135:15)
    at Promise_then_fulfilled (C:\CODERHOUSE\CODERHOUSE2\32195_BACKEND\DESAFIOS\Backend_coderhouse\TerceraEntregaDelProyectoFinal\node_modules\twilio\node_modules\q\q.js:766:44)
    at Promise_done_fulfilled (C:\CODERHOUSE\CODERHOUSE2\32195_BACKEND\DESAFIOS\Backend_coderhouse\TerceraEntregaDelProyectoFinal\node_modules\twilio\node_modules\q\q.js:835:31)
    at Fulfilled_dispatch [as dispatch] (C:\CODERHOUSE\CODERHOUSE2\32195_BACKEND\DESAFIOS\Backend_coderhouse\TerceraEntregaDelProyectoFinal\node_modules\twilio\node_modules\q\q.js:1229:9)
    at Pending_become_eachMessage_task (C:\CODERHOUSE\CODERHOUSE2\32195_BACKEND\DESAFIOS\Backend_coderhouse\TerceraEntregaDelProyectoFinal\node_modules\twilio\node_modules\q\q.js:1369:30)
    at RawTask.call (C:\CODERHOUSE\CODERHOUSE2\32195_BACKEND\DESAFIOS\Backend_coderhouse\TerceraEntregaDelProyectoFinal\node_modules\asap\asap.js:40:19)
    at flush (C:\CODERHOUSE\CODERHOUSE2\32195_BACKEND\DESAFIOS\Backend_coderhouse\TerceraEntregaDelProyectoFinal\node_modules\asap\raw.js:50:29)
    at processTicksAndRejections (node:internal/process/task_queues:78:11) {
  status: 400,
  code: 21212,
  moreInfo: 'https://www.twilio.com/docs/errors/21212',
  details: undefined
}
[2023-03-16T00:04:23.570] [ERROR] error - RestException [Error]: The 'From' number + coloca el numero que te paso la aplicacion web is not a valid phone number, shortcode, or alphanumeric sender ID.
    at success (C:\CODERHOUSE\CODERHOUSE2\32195_BACKEND\DESAFIOS\Backend_coderhouse\TerceraEntregaDelProyectoFinal\node_modules\twilio\lib\base\Version.js:135:15)
    at Promise_then_fulfilled (C:\CODERHOUSE\CODERHOUSE2\32195_BACKEND\DESAFIOS\Backend_coderhouse\TerceraEntregaDelProyectoFinal\node_modules\twilio\node_modules\q\q.js:766:44)
    at Promise_done_fulfilled (C:\CODERHOUSE\CODERHOUSE2\32195_BACKEND\DESAFIOS\Backend_coderhouse\TerceraEntregaDelProyectoFinal\node_modules\twilio\node_modules\q\q.js:835:31)
    at Fulfilled_dispatch [as dispatch] (C:\CODERHOUSE\CODERHOUSE2\32195_BACKEND\DESAFIOS\Backend_coderhouse\TerceraEntregaDelProyectoFinal\node_modules\twilio\node_modules\q\q.js:1229:9)
    at Pending_become_eachMessage_task (C:\CODERHOUSE\CODERHOUSE2\32195_BACKEND\DESAFIOS\Backend_coderhouse\TerceraEntregaDelProyectoFinal\node_modules\twilio\node_modules\q\q.js:1369:30)
    at RawTask.call (C:\CODERHOUSE\CODERHOUSE2\32195_BACKEND\DESAFIOS\Backend_coderhouse\TerceraEntregaDelProyectoFinal\node_modules\asap\asap.js:40:19)
    at flush (C:\CODERHOUSE\CODERHOUSE2\32195_BACKEND\DESAFIOS\Backend_coderhouse\TerceraEntregaDelProyectoFinal\node_modules\asap\raw.js:50:29)
    at processTicksAndRejections (node:internal/process/task_queues:78:11) {
  status: 400,
  code: 21212,
  moreInfo: 'https://www.twilio.com/docs/errors/21212',
  details: undefined
}
[2023-03-16T23:33:32.910] [ERROR] error - MongoServerError: E11000 duplicate key error collection: ProyectoFinal.users index: email_1 dup key: { email: "fabianbasualdo0909@gmail.com" }
    at C:\CODERHOUSE\CODERHOUSE2\32195_BACKEND\DESAFIOS\Backend_coderhouse\TerceraEntregaDelProyectoFinal\node_modules\mongodb\lib\operations\insert.js:53:33
    at C:\CODERHOUSE\CODERHOUSE2\32195_BACKEND\DESAFIOS\Backend_coderhouse\TerceraEntregaDelProyectoFinal\node_modules\mongodb\lib\cmap\connection_pool.js:333:25
    at C:\CODERHOUSE\CODERHOUSE2\32195_BACKEND\DESAFIOS\Backend_coderhouse\TerceraEntregaDelProyectoFinal\node_modules\mongodb\lib\sdam\server.js:210:17
    at handleOperationResult (C:\CODERHOUSE\CODERHOUSE2\32195_BACKEND\DESAFIOS\Backend_coderhouse\TerceraEntregaDelProyectoFinal\node_modules\mongodb\lib\sdam\server.js:326:20)
    at Connection.onMessage (C:\CODERHOUSE\CODERHOUSE2\32195_BACKEND\DESAFIOS\Backend_coderhouse\TerceraEntregaDelProyectoFinal\node_modules\mongodb\lib\cmap\connection.js:242:9)
    at MessageStream.<anonymous> (C:\CODERHOUSE\CODERHOUSE2\32195_BACKEND\DESAFIOS\Backend_coderhouse\TerceraEntregaDelProyectoFinal\node_modules\mongodb\lib\cmap\connection.js:61:60)
    at MessageStream.emit (node:events:526:28)
    at processIncomingData (C:\CODERHOUSE\CODERHOUSE2\32195_BACKEND\DESAFIOS\Backend_coderhouse\TerceraEntregaDelProyectoFinal\node_modules\mongodb\lib\cmap\message_stream.js:125:16)
    at MessageStream._write (C:\CODERHOUSE\CODERHOUSE2\32195_BACKEND\DESAFIOS\Backend_coderhouse\TerceraEntregaDelProyectoFinal\node_modules\mongodb\lib\cmap\message_stream.js:33:9)
    at writeOrBuffer (node:internal/streams/writable:389:12) {
  index: 0,
  code: 11000,
  keyPattern: { email: 1 },
  keyValue: { email: 'fabianbasualdo0909@gmail.com' },
  [Symbol(errorLabels)]: Set(0) {}
}
[2023-03-16T23:33:33.133] [ERROR] error - TypeError: Cannot read properties of undefined (reading '_doc')
    at Strategy._verify (C:\CODERHOUSE\CODERHOUSE2\32195_BACKEND\DESAFIOS\Backend_coderhouse\TerceraEntregaDelProyectoFinal\routers\auth\passport.js:58:39)
    at processTicksAndRejections (node:internal/process/task_queues:96:5)
[2023-03-16T23:35:53.861] [ERROR] error - MongoServerError: E11000 duplicate key error collection: ProyectoFinal.users index: email_1 dup key: { email: "fabian.basualdo@gmail.com" }
    at C:\CODERHOUSE\CODERHOUSE2\32195_BACKEND\DESAFIOS\Backend_coderhouse\TerceraEntregaDelProyectoFinal\node_modules\mongodb\lib\operations\insert.js:53:33
    at C:\CODERHOUSE\CODERHOUSE2\32195_BACKEND\DESAFIOS\Backend_coderhouse\TerceraEntregaDelProyectoFinal\node_modules\mongodb\lib\cmap\connection_pool.js:333:25
    at C:\CODERHOUSE\CODERHOUSE2\32195_BACKEND\DESAFIOS\Backend_coderhouse\TerceraEntregaDelProyectoFinal\node_modules\mongodb\lib\sdam\server.js:210:17
    at handleOperationResult (C:\CODERHOUSE\CODERHOUSE2\32195_BACKEND\DESAFIOS\Backend_coderhouse\TerceraEntregaDelProyectoFinal\node_modules\mongodb\lib\sdam\server.js:326:20)
    at Connection.onMessage (C:\CODERHOUSE\CODERHOUSE2\32195_BACKEND\DESAFIOS\Backend_coderhouse\TerceraEntregaDelProyectoFinal\node_modules\mongodb\lib\cmap\connection.js:242:9)
    at MessageStream.<anonymous> (C:\CODERHOUSE\CODERHOUSE2\32195_BACKEND\DESAFIOS\Backend_coderhouse\TerceraEntregaDelProyectoFinal\node_modules\mongodb\lib\cmap\connection.js:61:60)
    at MessageStream.emit (node:events:526:28)
    at processIncomingData (C:\CODERHOUSE\CODERHOUSE2\32195_BACKEND\DESAFIOS\Backend_coderhouse\TerceraEntregaDelProyectoFinal\node_modules\mongodb\lib\cmap\message_stream.js:125:16)
    at MessageStream._write (C:\CODERHOUSE\CODERHOUSE2\32195_BACKEND\DESAFIOS\Backend_coderhouse\TerceraEntregaDelProyectoFinal\node_modules\mongodb\lib\cmap\message_stream.js:33:9)
    at writeOrBuffer (node:internal/streams/writable:389:12) {
  index: 0,
  code: 11000,
  keyPattern: { email: 1 },
  keyValue: { email: 'fabian.basualdo@gmail.com' },
  [Symbol(errorLabels)]: Set(0) {}
}
[2023-03-16T23:35:53.867] [ERROR] error - TypeError: Cannot read properties of undefined (reading '_doc')
    at Strategy._verify (C:\CODERHOUSE\CODERHOUSE2\32195_BACKEND\DESAFIOS\Backend_coderhouse\TerceraEntregaDelProyectoFinal\routers\auth\passport.js:58:39)
    at processTicksAndRejections (node:internal/process/task_queues:96:5)
[2023-03-17T00:06:09.020] [ERROR] error - Invalid user or password
