[2023-03-26T00:17:02.255] [ERROR] default - ReferenceError: asDto is not defined
    at ProductoDaoMem.getAll (D:\Escritorio\marcelo fabian basualdo\src\daos\productoDaoMem.js:22:5)
    at ProductRepo.getAll (D:\Escritorio\marcelo fabian basualdo\src\repos\productRepo.js:13:38)
    at ProductService.getAll (D:\Escritorio\marcelo fabian basualdo\src\services\productService.js:14:49)
    at getProductosTest (D:\Escritorio\marcelo fabian basualdo\src\controllers\productos.js:6:51)
    at Layer.handle [as handle_request] (D:\Escritorio\marcelo fabian basualdo\node_modules\express\lib\router\layer.js:95:5)
    at next (D:\Escritorio\marcelo fabian basualdo\node_modules\express\lib\router\route.js:137:13)
    at Route.dispatch (D:\Escritorio\marcelo fabian basualdo\node_modules\express\lib\router\route.js:112:3)
    at Layer.handle [as handle_request] (D:\Escritorio\marcelo fabian basualdo\node_modules\express\lib\router\layer.js:95:5)
    at D:\Escritorio\marcelo fabian basualdo\node_modules\express\lib\router\index.js:281:22
    at Function.process_params (D:\Escritorio\marcelo fabian basualdo\node_modules\express\lib\router\index.js:341:12)
[2023-03-26T00:27:57.504] [ERROR] default - ReferenceError: asDto is not defined
    at ProductoDaoMem.getAll (D:\Escritorio\marcelo fabian basualdo\src\daos\productoDaoMem.js:22:5)
    at ProductRepo.getAll (D:\Escritorio\marcelo fabian basualdo\src\repos\productRepo.js:13:38)
    at ProductService.getAll (D:\Escritorio\marcelo fabian basualdo\src\services\productService.js:14:49)
    at getProductosTest (D:\Escritorio\marcelo fabian basualdo\src\controllers\productos.js:6:51)
    at Layer.handle [as handle_request] (D:\Escritorio\marcelo fabian basualdo\node_modules\express\lib\router\layer.js:95:5)
    at next (D:\Escritorio\marcelo fabian basualdo\node_modules\express\lib\router\route.js:137:13)
    at Route.dispatch (D:\Escritorio\marcelo fabian basualdo\node_modules\express\lib\router\route.js:112:3)
    at Layer.handle [as handle_request] (D:\Escritorio\marcelo fabian basualdo\node_modules\express\lib\router\layer.js:95:5)
    at D:\Escritorio\marcelo fabian basualdo\node_modules\express\lib\router\index.js:281:22
    at Function.process_params (D:\Escritorio\marcelo fabian basualdo\node_modules\express\lib\router\index.js:341:12)
[2023-03-26T00:29:04.624] [ERROR] default - ReferenceError: asDto is not defined
    at ProductoDaoMem.getAll (D:\Escritorio\marcelo fabian basualdo\src\daos\productoDaoMem.js:22:5)
    at ProductRepo.getAll (D:\Escritorio\marcelo fabian basualdo\src\repos\productRepo.js:13:38)
    at ProductService.getAll (D:\Escritorio\marcelo fabian basualdo\src\services\productService.js:14:49)
    at getProductosTest (D:\Escritorio\marcelo fabian basualdo\src\controllers\productos.js:6:51)
    at Layer.handle [as handle_request] (D:\Escritorio\marcelo fabian basualdo\node_modules\express\lib\router\layer.js:95:5)
    at next (D:\Escritorio\marcelo fabian basualdo\node_modules\express\lib\router\route.js:137:13)
    at Route.dispatch (D:\Escritorio\marcelo fabian basualdo\node_modules\express\lib\router\route.js:112:3)
    at Layer.handle [as handle_request] (D:\Escritorio\marcelo fabian basualdo\node_modules\express\lib\router\layer.js:95:5)
    at D:\Escritorio\marcelo fabian basualdo\node_modules\express\lib\router\index.js:281:22
    at Function.process_params (D:\Escritorio\marcelo fabian basualdo\node_modules\express\lib\router\index.js:341:12)
[2023-03-26T00:29:06.763] [ERROR] default - ReferenceError: asDto is not defined
    at ProductoDaoMem.getAll (D:\Escritorio\marcelo fabian basualdo\src\daos\productoDaoMem.js:22:5)
    at ProductRepo.getAll (D:\Escritorio\marcelo fabian basualdo\src\repos\productRepo.js:13:38)
    at ProductService.getAll (D:\Escritorio\marcelo fabian basualdo\src\services\productService.js:14:49)
    at getProductosTest (D:\Escritorio\marcelo fabian basualdo\src\controllers\productos.js:6:51)
    at Layer.handle [as handle_request] (D:\Escritorio\marcelo fabian basualdo\node_modules\express\lib\router\layer.js:95:5)
    at next (D:\Escritorio\marcelo fabian basualdo\node_modules\express\lib\router\route.js:137:13)
    at Route.dispatch (D:\Escritorio\marcelo fabian basualdo\node_modules\express\lib\router\route.js:112:3)
    at Layer.handle [as handle_request] (D:\Escritorio\marcelo fabian basualdo\node_modules\express\lib\router\layer.js:95:5)
    at D:\Escritorio\marcelo fabian basualdo\node_modules\express\lib\router\index.js:281:22
    at Function.process_params (D:\Escritorio\marcelo fabian basualdo\node_modules\express\lib\router\index.js:341:12)
[2023-03-26T00:29:07.772] [ERROR] default - ReferenceError: asDto is not defined
    at ProductoDaoMem.getAll (D:\Escritorio\marcelo fabian basualdo\src\daos\productoDaoMem.js:22:5)
    at ProductRepo.getAll (D:\Escritorio\marcelo fabian basualdo\src\repos\productRepo.js:13:38)
    at ProductService.getAll (D:\Escritorio\marcelo fabian basualdo\src\services\productService.js:14:49)
    at getProductosTest (D:\Escritorio\marcelo fabian basualdo\src\controllers\productos.js:6:51)
    at Layer.handle [as handle_request] (D:\Escritorio\marcelo fabian basualdo\node_modules\express\lib\router\layer.js:95:5)
    at next (D:\Escritorio\marcelo fabian basualdo\node_modules\express\lib\router\route.js:137:13)
    at Route.dispatch (D:\Escritorio\marcelo fabian basualdo\node_modules\express\lib\router\route.js:112:3)
    at Layer.handle [as handle_request] (D:\Escritorio\marcelo fabian basualdo\node_modules\express\lib\router\layer.js:95:5)
    at D:\Escritorio\marcelo fabian basualdo\node_modules\express\lib\router\index.js:281:22
    at Function.process_params (D:\Escritorio\marcelo fabian basualdo\node_modules\express\lib\router\index.js:341:12)
[2023-03-26T00:31:26.312] [ERROR] default - ReferenceError: asDto is not defined
    at ProductoDaoMem.getAll (D:\Escritorio\marcelo fabian basualdo\src\daos\productoDaoMem.js:22:5)
    at ProductRepo.getAll (D:\Escritorio\marcelo fabian basualdo\src\repos\productRepo.js:13:38)
    at ProductService.getAll (D:\Escritorio\marcelo fabian basualdo\src\services\productService.js:14:49)
    at getProductosTest (D:\Escritorio\marcelo fabian basualdo\src\controllers\productos.js:6:51)
    at Layer.handle [as handle_request] (D:\Escritorio\marcelo fabian basualdo\node_modules\express\lib\router\layer.js:95:5)
    at next (D:\Escritorio\marcelo fabian basualdo\node_modules\express\lib\router\route.js:137:13)
    at Route.dispatch (D:\Escritorio\marcelo fabian basualdo\node_modules\express\lib\router\route.js:112:3)
    at Layer.handle [as handle_request] (D:\Escritorio\marcelo fabian basualdo\node_modules\express\lib\router\layer.js:95:5)
    at D:\Escritorio\marcelo fabian basualdo\node_modules\express\lib\router\index.js:281:22
    at Function.process_params (D:\Escritorio\marcelo fabian basualdo\node_modules\express\lib\router\index.js:341:12)
[2023-03-26T00:34:49.740] [ERROR] default - ReferenceError: asDto is not defined
    at ProductoDaoMem.getAll (D:\Escritorio\marcelo fabian basualdo\src\daos\productoDaoMem.js:22:5)
    at ProductRepo.getAll (D:\Escritorio\marcelo fabian basualdo\src\repos\productRepo.js:13:38)
    at ProductService.getAll (D:\Escritorio\marcelo fabian basualdo\src\services\productService.js:14:49)
    at getProductosTest (D:\Escritorio\marcelo fabian basualdo\src\controllers\productos.js:6:51)
    at Layer.handle [as handle_request] (D:\Escritorio\marcelo fabian basualdo\node_modules\express\lib\router\layer.js:95:5)
    at next (D:\Escritorio\marcelo fabian basualdo\node_modules\express\lib\router\route.js:137:13)
    at Route.dispatch (D:\Escritorio\marcelo fabian basualdo\node_modules\express\lib\router\route.js:112:3)
    at Layer.handle [as handle_request] (D:\Escritorio\marcelo fabian basualdo\node_modules\express\lib\router\layer.js:95:5)
    at D:\Escritorio\marcelo fabian basualdo\node_modules\express\lib\router\index.js:281:22
    at Function.process_params (D:\Escritorio\marcelo fabian basualdo\node_modules\express\lib\router\index.js:341:12)
[2023-03-26T00:35:03.233] [ERROR] default - ReferenceError: asDto is not defined
    at ProductoDaoMem.getAll (D:\Escritorio\marcelo fabian basualdo\src\daos\productoDaoMem.js:22:5)
    at ProductRepo.getAll (D:\Escritorio\marcelo fabian basualdo\src\repos\productRepo.js:13:38)
    at ProductService.getAll (D:\Escritorio\marcelo fabian basualdo\src\services\productService.js:14:49)
    at getProductosTest (D:\Escritorio\marcelo fabian basualdo\src\controllers\productos.js:6:51)
    at Layer.handle [as handle_request] (D:\Escritorio\marcelo fabian basualdo\node_modules\express\lib\router\layer.js:95:5)
    at next (D:\Escritorio\marcelo fabian basualdo\node_modules\express\lib\router\route.js:137:13)
    at Route.dispatch (D:\Escritorio\marcelo fabian basualdo\node_modules\express\lib\router\route.js:112:3)
    at Layer.handle [as handle_request] (D:\Escritorio\marcelo fabian basualdo\node_modules\express\lib\router\layer.js:95:5)
    at D:\Escritorio\marcelo fabian basualdo\node_modules\express\lib\router\index.js:281:22
    at Function.process_params (D:\Escritorio\marcelo fabian basualdo\node_modules\express\lib\router\index.js:341:12)
[2023-03-28T20:10:10.096] [ERROR] default - ReferenceError: asDto is not defined
    at ProductoDaoMem.getAll (C:\CODERHOUSE\CODERHOUSE2\32195_BACKEND\Resueltos de backend\backendCoder-main_marcelofabianbasualdo##\backendCoder-main\desafios\desafio17_DTO\src\daos\productoDaoMem.js:22:5)
    at ProductRepo.getAll (C:\CODERHOUSE\CODERHOUSE2\32195_BACKEND\Resueltos de backend\backendCoder-main_marcelofabianbasualdo##\backendCoder-main\desafios\desafio17_DTO\src\repos\productRepo.js:13:38)
    at ProductService.getAll (C:\CODERHOUSE\CODERHOUSE2\32195_BACKEND\Resueltos de backend\backendCoder-main_marcelofabianbasualdo##\backendCoder-main\desafios\desafio17_DTO\src\services\productService.js:14:49)
    at getProductosTest (C:\CODERHOUSE\CODERHOUSE2\32195_BACKEND\Resueltos de backend\backendCoder-main_marcelofabianbasualdo##\backendCoder-main\desafios\desafio17_DTO\src\controllers\productos.js:6:51)
    at Layer.handle [as handle_request] (C:\CODERHOUSE\CODERHOUSE2\32195_BACKEND\Resueltos de backend\backendCoder-main_marcelofabianbasualdo##\backendCoder-main\desafios\desafio17_DTO\node_modules\express\lib\router\layer.js:95:5)
    at next (C:\CODERHOUSE\CODERHOUSE2\32195_BACKEND\Resueltos de backend\backendCoder-main_marcelofabianbasualdo##\backendCoder-main\desafios\desafio17_DTO\node_modules\express\lib\router\route.js:137:13)
    at Route.dispatch (C:\CODERHOUSE\CODERHOUSE2\32195_BACKEND\Resueltos de backend\backendCoder-main_marcelofabianbasualdo##\backendCoder-main\desafios\desafio17_DTO\node_modules\express\lib\router\route.js:112:3)
    at Layer.handle [as handle_request] (C:\CODERHOUSE\CODERHOUSE2\32195_BACKEND\Resueltos de backend\backendCoder-main_marcelofabianbasualdo##\backendCoder-main\desafios\desafio17_DTO\node_modules\express\lib\router\layer.js:95:5)
    at C:\CODERHOUSE\CODERHOUSE2\32195_BACKEND\Resueltos de backend\backendCoder-main_marcelofabianbasualdo##\backendCoder-main\desafios\desafio17_DTO\node_modules\express\lib\router\index.js:281:22
    at Function.process_params (C:\CODERHOUSE\CODERHOUSE2\32195_BACKEND\Resueltos de backend\backendCoder-main_marcelofabianbasualdo##\backendCoder-main\desafios\desafio17_DTO\node_modules\express\lib\router\index.js:341:12)
